Using pre-set license
Built from '2021.1/release' branch; Version is '2021.1.0f1 (61a549675243) revision 6399305'; Using compiler version '192528614'; Build Type 'Release'
OS: 'Windows 10 Pro; OS build 22000.778; Version 2009; 64bit' Language: 'en' Physical Memory: 32689 MB
BatchMode: 1, IsHumanControllingUs: 0, StartBugReporterOnCrash: 0, Is64bit: 1, IsPro: 0

 COMMAND LINE ARGUMENTS:
C:\Program Files\Unity\Hub\Editor\2021.1.0f1\Editor\Unity.exe
-adb2
-batchMode
-noUpm
-name
AssetImportWorker0
-projectPath
O:/MSc AI/Resit/Game Dev/2D Platformer
-logFile
Logs/AssetImportWorker0.log
-srvPort
53341
Successfully changed project path to: O:/MSc AI/Resit/Game Dev/2D Platformer
O:/MSc AI/Resit/Game Dev/2D Platformer
Using Asset Import Pipeline V2.
Refreshing native plugins compatible for Editor in 75.16 ms, found 2 plugins.
Preloading 0 native plugins for Editor in 0.00 ms.
Initialize engine version: 2021.1.0f1 (61a549675243)
[Subsystems] Discovering subsystems at path C:/Program Files/Unity/Hub/Editor/2021.1.0f1/Editor/Data/Resources/UnitySubsystems
[Subsystems] Discovering subsystems at path O:/MSc AI/Resit/Game Dev/2D Platformer/Assets
GfxDevice: creating device client; threaded=0; jobified=0
Direct3D:
    Version:  Direct3D 11.0 [level 11.1]
    Renderer: NVIDIA GeForce RTX 3070 (ID=0x2484)
    Vendor:   NVIDIA
    VRAM:     8043 MB
    Driver:   31.0.15.1659
Initialize mono
Mono path[0] = 'C:/Program Files/Unity/Hub/Editor/2021.1.0f1/Editor/Data/Managed'
Mono path[1] = 'C:/Program Files/Unity/Hub/Editor/2021.1.0f1/Editor/Data/MonoBleedingEdge/lib/mono/unityjit'
Mono config path = 'C:/Program Files/Unity/Hub/Editor/2021.1.0f1/Editor/Data/MonoBleedingEdge/etc'
Using monoOptions --debugger-agent=transport=dt_socket,embedding=1,server=y,suspend=n,address=127.0.0.1:56868
Begin MonoManager ReloadAssembly
Registering precompiled unity dll's ...
Register platform support module: C:/Program Files/Unity/Hub/Editor/2021.1.0f1/Editor/Data/PlaybackEngines/WebGLSupport/UnityEditor.WebGL.Extensions.dll
Register platform support module: C:/Program Files/Unity/Hub/Editor/2021.1.0f1/Editor/Data/PlaybackEngines/WindowsStandaloneSupport/UnityEditor.WindowsStandalone.Extensions.dll
Registered in 0.001392 seconds.
Native extension for WindowsStandalone target not found
Native extension for WebGL target not found
Refreshing native plugins compatible for Editor in 73.26 ms, found 2 plugins.
Preloading 0 native plugins for Editor in 0.00 ms.
Mono: successfully reloaded assembly
- Completed reload, in  0.960 seconds
Platform modules already initialized, skipping
Registering precompiled user dll's ...
Registered in 0.001692 seconds.
Begin MonoManager ReloadAssembly
Native extension for WindowsStandalone target not found
Native extension for WebGL target not found
Refreshing native plugins compatible for Editor in 74.21 ms, found 2 plugins.
Preloading 0 native plugins for Editor in 0.00 ms.
Mono: successfully reloaded assembly
- Completed reload, in  0.791 seconds
Platform modules already initialized, skipping
========================================================================
Worker process is ready to serve import requests
Launched and connected shader compiler UnityShaderCompiler.exe after 0.03 seconds
Refreshing native plugins compatible for Editor in 0.76 ms, found 2 plugins.
Preloading 0 native plugins for Editor in 0.00 ms.
Unloading 3544 Unused Serialized files (Serialized files now loaded: 0)
System memory in use before: 133.3 MB.
System memory in use after: 133.5 MB.

Unloading 25 unused Assets to reduce memory usage. Loaded Objects now: 4001.
Total: 2.412900 ms (FindLiveObjects: 0.310500 ms CreateObjectMapping: 0.111600 ms MarkObjects: 1.937700 ms  DeleteObjects: 0.052300 ms)

========================================================================
Received Import Request.
  path: Assets/Levels/Tutorial.unity
  artifactKey: Guid(bf699bc0fb644c5498a6de7b4db90be5) Importer(815301076,1909f56bfc062723c751e8b465ee728b)
Start importing Assets/Levels/Tutorial.unity using Guid(bf699bc0fb644c5498a6de7b4db90be5) Importer(815301076,1909f56bfc062723c751e8b465ee728b)  -> (artifact id: 'cc55243632b7236ae259d156296c9935') in 0.016606 seconds 
========================================================================
Received Import Request.
  Time since last request: 87.792377 seconds.
  path: Assets/Prefabs/Weapon
  artifactKey: Guid(093eca4d8c4295948b1aaa3f850f510e) Importer(815301076,1909f56bfc062723c751e8b465ee728b)
Start importing Assets/Prefabs/Weapon using Guid(093eca4d8c4295948b1aaa3f850f510e) Importer(815301076,1909f56bfc062723c751e8b465ee728b)  -> (artifact id: '9c4bf87550277b54c47bc0071f0d3130') in 0.005328 seconds 
========================================================================
Received Import Request.
  Time since last request: 199.034188 seconds.
  path: Assets/Prefabs/PowerUps/Fireball.prefab
  artifactKey: Guid(d094377a9f1442b4faaab1ac009f1b65) Importer(815301076,1909f56bfc062723c751e8b465ee728b)
Start importing Assets/Prefabs/PowerUps/Fireball.prefab using Guid(d094377a9f1442b4faaab1ac009f1b65) Importer(815301076,1909f56bfc062723c751e8b465ee728b)  -> (artifact id: '907a3968b9e346739f330aa915daddcb') in 0.071146 seconds 
========================================================================
Received Import Request.
  Time since last request: 4.561256 seconds.
  path: Assets/Prefabs/PowerUps/Fireball.prefab
  artifactKey: Guid(d094377a9f1442b4faaab1ac009f1b65) Importer(815301076,1909f56bfc062723c751e8b465ee728b)
Start importing Assets/Prefabs/PowerUps/Fireball.prefab using Guid(d094377a9f1442b4faaab1ac009f1b65) Importer(815301076,1909f56bfc062723c751e8b465ee728b)  -> (artifact id: 'd28c6c818015d90e4a43d48c25a0e77d') in 0.011494 seconds 
========================================================================
Received Import Request.
  Time since last request: 9.238523 seconds.
  path: Assets/Prefabs/PowerUps/Fireball.prefab
  artifactKey: Guid(d094377a9f1442b4faaab1ac009f1b65) Importer(815301076,1909f56bfc062723c751e8b465ee728b)
Start importing Assets/Prefabs/PowerUps/Fireball.prefab using Guid(d094377a9f1442b4faaab1ac009f1b65) Importer(815301076,1909f56bfc062723c751e8b465ee728b)  -> (artifact id: '2d86173bab648723e6230e588d13c81e') in 0.011356 seconds 
========================================================================
Received Import Request.
  Time since last request: 4.680707 seconds.
  path: Assets/Prefabs/PowerUps/Fireball.prefab
  artifactKey: Guid(d094377a9f1442b4faaab1ac009f1b65) Importer(815301076,1909f56bfc062723c751e8b465ee728b)
Start importing Assets/Prefabs/PowerUps/Fireball.prefab using Guid(d094377a9f1442b4faaab1ac009f1b65) Importer(815301076,1909f56bfc062723c751e8b465ee728b)  -> (artifact id: '9e0d548d2cde2f1ff3408141c54912c4') in 0.008988 seconds 
========================================================================
Received Prepare
Registering precompiled user dll's ...
Registered in 0.001859 seconds.
Begin MonoManager ReloadAssembly
Native extension for WindowsStandalone target not found
Native extension for WebGL target not found
Refreshing native plugins compatible for Editor in 0.79 ms, found 2 plugins.
Preloading 0 native plugins for Editor in 0.00 ms.
Mono: successfully reloaded assembly
- Completed reload, in  0.707 seconds
Platform modules already initialized, skipping
Refreshing native plugins compatible for Editor in 0.76 ms, found 2 plugins.
Preloading 0 native plugins for Editor in 0.00 ms.
Unloading 3532 Unused Serialized files (Serialized files now loaded: 0)
System memory in use before: 137.0 MB.
System memory in use after: 137.2 MB.

Unloading 13 unused Assets to reduce memory usage. Loaded Objects now: 4012.
Total: 2.741500 ms (FindLiveObjects: 0.423700 ms CreateObjectMapping: 0.158100 ms MarkObjects: 2.142900 ms  DeleteObjects: 0.015800 ms)

========================================================================
Received Prepare
Registering precompiled user dll's ...
Registered in 0.002014 seconds.
Begin MonoManager ReloadAssembly
Native extension for WindowsStandalone target not found
Native extension for WebGL target not found
Refreshing native plugins compatible for Editor in 0.78 ms, found 2 plugins.
Preloading 0 native plugins for Editor in 0.00 ms.
Mono: successfully reloaded assembly
- Completed reload, in  0.712 seconds
Platform modules already initialized, skipping
Refreshing native plugins compatible for Editor in 0.84 ms, found 2 plugins.
Preloading 0 native plugins for Editor in 0.00 ms.
Unloading 3532 Unused Serialized files (Serialized files now loaded: 0)
System memory in use before: 137.0 MB.
System memory in use after: 137.3 MB.

Unloading 13 unused Assets to reduce memory usage. Loaded Objects now: 4016.
Total: 2.651800 ms (FindLiveObjects: 0.360300 ms CreateObjectMapping: 0.168100 ms MarkObjects: 2.099400 ms  DeleteObjects: 0.023100 ms)

========================================================================
Received Import Request.
  Time since last request: 698.258659 seconds.
  path: Assets/Sprites/UI/Pixel Adventure 1/Assets/Items/Fruits/Bananas.png
  artifactKey: Guid(b1f24b3bc2e2f1d4b858657ad5c115a0) Importer(815301076,1909f56bfc062723c751e8b465ee728b)
Start importing Assets/Sprites/UI/Pixel Adventure 1/Assets/Items/Fruits/Bananas.png using Guid(b1f24b3bc2e2f1d4b858657ad5c115a0) Importer(815301076,1909f56bfc062723c751e8b465ee728b)  -> (artifact id: 'ed44d30b0df50ba29d2b77e1385c2b0d') in 0.098289 seconds 
========================================================================
Received Import Request.
  Time since last request: 0.000133 seconds.
  path: Assets/Sprites/Enemy/Knight Files/Body Parts/body upper.png
  artifactKey: Guid(131afc7c0c638d24f92ba75ccdab2b38) Importer(815301076,1909f56bfc062723c751e8b465ee728b)
Start importing Assets/Sprites/Enemy/Knight Files/Body Parts/body upper.png using Guid(131afc7c0c638d24f92ba75ccdab2b38) Importer(815301076,1909f56bfc062723c751e8b465ee728b)  -> (artifact id: 'b1f0b2fafb43772c0024831d381592bc') in 0.012101 seconds 
========================================================================
Received Import Request.
  Time since last request: 0.000159 seconds.
  path: Assets/Sprites/UI/Pixel Adventure 1/Assets/Traps/Spike Head/Blink (54x52).png
  artifactKey: Guid(6ed38972fd0f4024c91aca33394d3cdd) Importer(815301076,1909f56bfc062723c751e8b465ee728b)
Start importing Assets/Sprites/UI/Pixel Adventure 1/Assets/Traps/Spike Head/Blink (54x52).png using Guid(6ed38972fd0f4024c91aca33394d3cdd) Importer(815301076,1909f56bfc062723c751e8b465ee728b)  -> (artifact id: '2758200521eddab38800cc632303a3d4') in 0.025227 seconds 
========================================================================
Received Import Request.
  Time since last request: 0.000131 seconds.
  path: Assets/Sprites/Enemy/Knight Files/Body Parts/Body lower.png
  artifactKey: Guid(76900228c746e3e408dd5948dafccc3c) Importer(815301076,1909f56bfc062723c751e8b465ee728b)
Start importing Assets/Sprites/Enemy/Knight Files/Body Parts/Body lower.png using Guid(76900228c746e3e408dd5948dafccc3c) Importer(815301076,1909f56bfc062723c751e8b465ee728b)  -> (artifact id: 'd3883529f12b5c62ac687e378c07790a') in 0.013694 seconds 
========================================================================
Received Import Request.
  Time since last request: 0.000135 seconds.
  path: Assets/Sprites/Health/bar.png
  artifactKey: Guid(a6a46b19ee5982a4495c293e0073aafc) Importer(815301076,1909f56bfc062723c751e8b465ee728b)
Start importing Assets/Sprites/Health/bar.png using Guid(a6a46b19ee5982a4495c293e0073aafc) Importer(815301076,1909f56bfc062723c751e8b465ee728b)  -> (artifact id: '55bbbf040afacf9625bf7ef85142ba3b') in 0.017280 seconds 
========================================================================
Received Import Request.
  Time since last request: 0.000170 seconds.
  path: Assets/Sprites/UI/Pixel Adventure 1/Assets/Traps/Rock Head/Blink (42x42).png
  artifactKey: Guid(e3e6b3d6c57dc7b488e7d1e8be902988) Importer(815301076,1909f56bfc062723c751e8b465ee728b)
Start importing Assets/Sprites/UI/Pixel Adventure 1/Assets/Traps/Rock Head/Blink (42x42).png using Guid(e3e6b3d6c57dc7b488e7d1e8be902988) Importer(815301076,1909f56bfc062723c751e8b465ee728b)  -> (artifact id: '569cb343f1ba1d482472628dab0a58fb') in 0.022417 seconds 
========================================================================
Received Import Request.
  Time since last request: 1.165304 seconds.
  path: Assets/Sprites/UI/Pixel Adventure 1/Assets/Main Characters/Pink Man/Fall (32x32).png
  artifactKey: Guid(1a6feec238b9a99499082bb755fa32df) Importer(815301076,1909f56bfc062723c751e8b465ee728b)
Start importing Assets/Sprites/UI/Pixel Adventure 1/Assets/Main Characters/Pink Man/Fall (32x32).png using Guid(1a6feec238b9a99499082bb755fa32df) Importer(815301076,1909f56bfc062723c751e8b465ee728b)  -> (artifact id: 'b4ac438c6eafb5299b541aa156331136') in 0.013543 seconds 
========================================================================
Received Import Request.
  Time since last request: 0.000143 seconds.
  path: Assets/Sprites/UI/Pixel Adventure 1/Assets/Traps/Saw/Off.png
  artifactKey: Guid(ca5ce7f3f3ac3bb499d37119b1867d7e) Importer(815301076,1909f56bfc062723c751e8b465ee728b)
Start importing Assets/Sprites/UI/Pixel Adventure 1/Assets/Traps/Saw/Off.png using Guid(ca5ce7f3f3ac3bb499d37119b1867d7e) Importer(815301076,1909f56bfc062723c751e8b465ee728b)  -> (artifact id: '01a9f70d772f955040f27fba558833eb') in 0.009156 seconds 
========================================================================
Received Import Request.
  Time since last request: 0.000134 seconds.
  path: Assets/Sprites/UI/Pixel Adventure 1/Assets/Traps/Fire/Off.png
  artifactKey: Guid(84b0d89aa2c8bfb4c8c1d378fa972fbd) Importer(815301076,1909f56bfc062723c751e8b465ee728b)
Start importing Assets/Sprites/UI/Pixel Adventure 1/Assets/Traps/Fire/Off.png using Guid(84b0d89aa2c8bfb4c8c1d378fa972fbd) Importer(815301076,1909f56bfc062723c751e8b465ee728b)  -> (artifact id: '27427c1c8e5a42fbf5dd198a19287d9a') in 0.012216 seconds 
========================================================================
Received Import Request.
  Time since last request: 0.000151 seconds.
  path: Assets/Sprites/UI/Pixel Adventure 1/Assets/Traps/Rock Head/Left Hit (42x42).png
  artifactKey: Guid(bb8f35504d0d42343b3cdb04faaa9d15) Importer(815301076,1909f56bfc062723c751e8b465ee728b)
Start importing Assets/Sprites/UI/Pixel Adventure 1/Assets/Traps/Rock Head/Left Hit (42x42).png using Guid(bb8f35504d0d42343b3cdb04faaa9d15) Importer(815301076,1909f56bfc062723c751e8b465ee728b)  -> (artifact id: '17763520d54cad68288ab54b89571444') in 0.024635 seconds 
========================================================================
Received Import Request.
  Time since last request: 0.000317 seconds.
  path: Assets/Sprites/Enemy/Knight Files/Body Parts/Left Arm.png
  artifactKey: Guid(79bfc252d4b629e42aae89f50be095af) Importer(815301076,1909f56bfc062723c751e8b465ee728b)
Start importing Assets/Sprites/Enemy/Knight Files/Body Parts/Left Arm.png using Guid(79bfc252d4b629e42aae89f50be095af) Importer(815301076,1909f56bfc062723c751e8b465ee728b)  -> (artifact id: '206aef2d91f1c9edaf5332ee7e972b2b') in 0.015048 seconds 
========================================================================
Received Import Request.
  Time since last request: 0.000138 seconds.
  path: Assets/Sprites/UI/Pixel Adventure 1/Assets/Traps/Fan/Off.png
  artifactKey: Guid(1f268b33cadc6104287b8111b824e1e8) Importer(815301076,1909f56bfc062723c751e8b465ee728b)
Start importing Assets/Sprites/UI/Pixel Adventure 1/Assets/Traps/Fan/Off.png using Guid(1f268b33cadc6104287b8111b824e1e8) Importer(815301076,1909f56bfc062723c751e8b465ee728b)  -> (artifact id: 'e68ce679298edeb589693647afdde71b') in 0.011406 seconds 
========================================================================
Received Import Request.
  Time since last request: 0.000134 seconds.
  path: Assets/Sprites/UI/Pixel Adventure 1/Assets/Traps/Falling Platforms/Off.png
  artifactKey: Guid(99329b87c11d1ee4f8d328e269a7073b) Importer(815301076,1909f56bfc062723c751e8b465ee728b)
Start importing Assets/Sprites/UI/Pixel Adventure 1/Assets/Traps/Falling Platforms/Off.png using Guid(99329b87c11d1ee4f8d328e269a7073b) Importer(815301076,1909f56bfc062723c751e8b465ee728b)  -> (artifact id: '9bdf4a72451fcde4f6017f0058dd50d0') in 0.013858 seconds 
========================================================================
Received Import Request.
  Time since last request: 0.000127 seconds.
  path: Assets/Sprites/UI/Pixel Adventure 1/Assets/Traps/Spike Head/Left Hit (54x52).png
  artifactKey: Guid(680c4a3e214ba5b4d984cd56b1d49668) Importer(815301076,1909f56bfc062723c751e8b465ee728b)
Start importing Assets/Sprites/UI/Pixel Adventure 1/Assets/Traps/Spike Head/Left Hit (54x52).png using Guid(680c4a3e214ba5b4d984cd56b1d49668) Importer(815301076,1909f56bfc062723c751e8b465ee728b)  -> (artifact id: '0bf2c2c4d9a68c076b16890e9b9aaba7') in 0.022863 seconds 
========================================================================
Received Prepare
Registering precompiled user dll's ...
Registered in 0.001807 seconds.
Begin MonoManager ReloadAssembly
Native extension for WindowsStandalone target not found
Native extension for WebGL target not found
Refreshing native plugins compatible for Editor in 0.76 ms, found 2 plugins.
Preloading 0 native plugins for Editor in 0.00 ms.
Mono: successfully reloaded assembly
- Completed reload, in  0.682 seconds
Platform modules already initialized, skipping
Refreshing native plugins compatible for Editor in 0.71 ms, found 2 plugins.
Preloading 0 native plugins for Editor in 0.00 ms.
Unloading 3546 Unused Serialized files (Serialized files now loaded: 0)
System memory in use before: 144.2 MB.
System memory in use after: 144.4 MB.

Unloading 13 unused Assets to reduce memory usage. Loaded Objects now: 4257.
Total: 2.574000 ms (FindLiveObjects: 0.363900 ms CreateObjectMapping: 0.188800 ms MarkObjects: 2.002900 ms  DeleteObjects: 0.016700 ms)

========================================================================
Received Prepare
Registering precompiled user dll's ...
Registered in 0.001884 seconds.
Begin MonoManager ReloadAssembly
Native extension for WindowsStandalone target not found
Native extension for WebGL target not found
Refreshing native plugins compatible for Editor in 0.76 ms, found 2 plugins.
Preloading 0 native plugins for Editor in 0.00 ms.
Mono: successfully reloaded assembly
- Completed reload, in  0.702 seconds
Platform modules already initialized, skipping
Refreshing native plugins compatible for Editor in 0.89 ms, found 2 plugins.
Preloading 0 native plugins for Editor in 0.00 ms.
Unloading 3532 Unused Serialized files (Serialized files now loaded: 0)
System memory in use before: 143.6 MB.
System memory in use after: 143.8 MB.

Unloading 13 unused Assets to reduce memory usage. Loaded Objects now: 4261.
Total: 2.925500 ms (FindLiveObjects: 0.502300 ms CreateObjectMapping: 0.208600 ms MarkObjects: 2.196900 ms  DeleteObjects: 0.016500 ms)

========================================================================
Received Import Request.
  Time since last request: 512.253240 seconds.
  path: Assets/Prefabs/PowerUps/Fireball 1.prefab
  artifactKey: Guid(df47d99f65885b24daad2bba8d5560b3) Importer(815301076,1909f56bfc062723c751e8b465ee728b)
Start importing Assets/Prefabs/PowerUps/Fireball 1.prefab using Guid(df47d99f65885b24daad2bba8d5560b3) Importer(815301076,1909f56bfc062723c751e8b465ee728b)  -> (artifact id: 'd60f1377e479a8069a13610e420b704d') in 0.053435 seconds 
========================================================================
Received Import Request.
  Time since last request: 10.132568 seconds.
  path: Assets/Prefabs/Weapon/Fireball.prefab
  artifactKey: Guid(df47d99f65885b24daad2bba8d5560b3) Importer(815301076,1909f56bfc062723c751e8b465ee728b)
Start importing Assets/Prefabs/Weapon/Fireball.prefab using Guid(df47d99f65885b24daad2bba8d5560b3) Importer(815301076,1909f56bfc062723c751e8b465ee728b)  -> (artifact id: 'f79824af619f5de451174527b5bcba37') in 0.010083 seconds 
========================================================================
Received Prepare
Registering precompiled user dll's ...
Registered in 0.001870 seconds.
Begin MonoManager ReloadAssembly
Native extension for WindowsStandalone target not found
Native extension for WebGL target not found
Refreshing native plugins compatible for Editor in 0.77 ms, found 2 plugins.
Preloading 0 native plugins for Editor in 0.00 ms.
Mono: successfully reloaded assembly
- Completed reload, in  0.665 seconds
Platform modules already initialized, skipping
Refreshing native plugins compatible for Editor in 0.78 ms, found 2 plugins.
Preloading 0 native plugins for Editor in 0.00 ms.
Unloading 3532 Unused Serialized files (Serialized files now loaded: 0)
System memory in use before: 143.6 MB.
System memory in use after: 143.9 MB.

Unloading 13 unused Assets to reduce memory usage. Loaded Objects now: 4266.
Total: 2.927000 ms (FindLiveObjects: 0.442700 ms CreateObjectMapping: 0.274100 ms MarkObjects: 2.193300 ms  DeleteObjects: 0.016100 ms)

========================================================================
Received Import Request.
  Time since last request: 42.016181 seconds.
  path: Assets/Prefabs/PowerUps/CollectableFireball.prefab
  artifactKey: Guid(d094377a9f1442b4faaab1ac009f1b65) Importer(815301076,1909f56bfc062723c751e8b465ee728b)
Start importing Assets/Prefabs/PowerUps/CollectableFireball.prefab using Guid(d094377a9f1442b4faaab1ac009f1b65) Importer(815301076,1909f56bfc062723c751e8b465ee728b)  -> (artifact id: '76afd3026d3396d746a122d75950bb2b') in 0.042350 seconds 
========================================================================
Received Prepare
Registering precompiled user dll's ...
Registered in 0.001765 seconds.
Begin MonoManager ReloadAssembly
Native extension for WindowsStandalone target not found
Native extension for WebGL target not found
Refreshing native plugins compatible for Editor in 0.80 ms, found 2 plugins.
Preloading 0 native plugins for Editor in 0.00 ms.
Mono: successfully reloaded assembly
- Completed reload, in  0.748 seconds
Platform modules already initialized, skipping
Refreshing native plugins compatible for Editor in 0.80 ms, found 2 plugins.
Preloading 0 native plugins for Editor in 0.00 ms.
Unloading 3532 Unused Serialized files (Serialized files now loaded: 0)
System memory in use before: 143.7 MB.
System memory in use after: 143.9 MB.

Unloading 13 unused Assets to reduce memory usage. Loaded Objects now: 4271.
Total: 2.974700 ms (FindLiveObjects: 0.485000 ms CreateObjectMapping: 0.179100 ms MarkObjects: 2.292700 ms  DeleteObjects: 0.017000 ms)

========================================================================
Received Prepare
Registering precompiled user dll's ...
Registered in 0.002252 seconds.
Begin MonoManager ReloadAssembly
Native extension for WindowsStandalone target not found
Native extension for WebGL target not found
Refreshing native plugins compatible for Editor in 0.90 ms, found 2 plugins.
Preloading 0 native plugins for Editor in 0.00 ms.
Mono: successfully reloaded assembly
- Completed reload, in  0.735 seconds
Platform modules already initialized, skipping
Refreshing native plugins compatible for Editor in 0.81 ms, found 2 plugins.
Preloading 0 native plugins for Editor in 0.00 ms.
Unloading 3532 Unused Serialized files (Serialized files now loaded: 0)
System memory in use before: 143.7 MB.
System memory in use after: 143.9 MB.

Unloading 13 unused Assets to reduce memory usage. Loaded Objects now: 4275.
Total: 3.188600 ms (FindLiveObjects: 0.561500 ms CreateObjectMapping: 0.311600 ms MarkObjects: 2.296700 ms  DeleteObjects: 0.017600 ms)

========================================================================
Received Prepare
Registering precompiled user dll's ...
Registered in 0.001996 seconds.
Begin MonoManager ReloadAssembly
Native extension for WindowsStandalone target not found
Native extension for WebGL target not found
Refreshing native plugins compatible for Editor in 0.77 ms, found 2 plugins.
Preloading 0 native plugins for Editor in 0.00 ms.
Mono: successfully reloaded assembly
- Completed reload, in  0.673 seconds
Platform modules already initialized, skipping
Refreshing native plugins compatible for Editor in 0.86 ms, found 2 plugins.
Preloading 0 native plugins for Editor in 0.00 ms.
Unloading 3532 Unused Serialized files (Serialized files now loaded: 0)
System memory in use before: 143.7 MB.
System memory in use after: 143.9 MB.

Unloading 13 unused Assets to reduce memory usage. Loaded Objects now: 4279.
Total: 3.179000 ms (FindLiveObjects: 0.580300 ms CreateObjectMapping: 0.226600 ms MarkObjects: 2.353600 ms  DeleteObjects: 0.016500 ms)

========================================================================
Received Import Request.
  Time since last request: 193.580857 seconds.
  path: ProjectSettings/TagManager.asset
  artifactKey: Guid(00000000000000003000000000000000) Importer(815301076,1909f56bfc062723c751e8b465ee728b)
Start importing ProjectSettings/TagManager.asset using Guid(00000000000000003000000000000000) Importer(815301076,1909f56bfc062723c751e8b465ee728b)  -> (artifact id: '7403e1f5f11a7bca6c5dcf8da29fe323') in 0.016809 seconds 
========================================================================
Received Prepare
Registering precompiled user dll's ...
Registered in 0.007609 seconds.
Begin MonoManager ReloadAssembly
Native extension for WindowsStandalone target not found
Native extension for WebGL target not found
Refreshing native plugins compatible for Editor in 0.78 ms, found 2 plugins.
Preloading 0 native plugins for Editor in 0.00 ms.
Mono: successfully reloaded assembly
- Completed reload, in  0.868 seconds
Platform modules already initialized, skipping
Refreshing native plugins compatible for Editor in 0.81 ms, found 2 plugins.
Preloading 0 native plugins for Editor in 0.00 ms.
Unloading 3532 Unused Serialized files (Serialized files now loaded: 0)
System memory in use before: 143.7 MB.
System memory in use after: 143.9 MB.

Unloading 14 unused Assets to reduce memory usage. Loaded Objects now: 4283.
Total: 2.832000 ms (FindLiveObjects: 0.379800 ms CreateObjectMapping: 0.189500 ms MarkObjects: 2.244400 ms  DeleteObjects: 0.017100 ms)

========================================================================
Received Import Request.
  Time since last request: 182.773624 seconds.
  path: Assets/Prefabs/Weapon/Fireball.prefab
  artifactKey: Guid(df47d99f65885b24daad2bba8d5560b3) Importer(815301076,1909f56bfc062723c751e8b465ee728b)
Start importing Assets/Prefabs/Weapon/Fireball.prefab using Guid(df47d99f65885b24daad2bba8d5560b3) Importer(815301076,1909f56bfc062723c751e8b465ee728b)  -> (artifact id: '3c63a17ba22f3af5c4eab61c99363abd') in 0.046100 seconds 
========================================================================
Received Prepare
Registering precompiled user dll's ...
Registered in 0.002058 seconds.
Begin MonoManager ReloadAssembly
Native extension for WindowsStandalone target not found
Native extension for WebGL target not found
Refreshing native plugins compatible for Editor in 0.77 ms, found 2 plugins.
Preloading 0 native plugins for Editor in 0.00 ms.
Mono: successfully reloaded assembly
- Completed reload, in  0.682 seconds
Platform modules already initialized, skipping
Refreshing native plugins compatible for Editor in 0.71 ms, found 2 plugins.
Preloading 0 native plugins for Editor in 0.00 ms.
Unloading 3532 Unused Serialized files (Serialized files now loaded: 0)
System memory in use before: 143.7 MB.
System memory in use after: 143.9 MB.

Unloading 13 unused Assets to reduce memory usage. Loaded Objects now: 4288.
Total: 2.239000 ms (FindLiveObjects: 0.319400 ms CreateObjectMapping: 0.098900 ms MarkObjects: 1.804900 ms  DeleteObjects: 0.015100 ms)

========================================================================
Received Prepare
Registering precompiled user dll's ...
Registered in 0.002513 seconds.
Begin MonoManager ReloadAssembly
Native extension for WindowsStandalone target not found
Native extension for WebGL target not found
Refreshing native plugins compatible for Editor in 0.80 ms, found 2 plugins.
Preloading 0 native plugins for Editor in 0.00 ms.
Mono: successfully reloaded assembly
- Completed reload, in  0.720 seconds
Platform modules already initialized, skipping
Refreshing native plugins compatible for Editor in 0.75 ms, found 2 plugins.
Preloading 0 native plugins for Editor in 0.00 ms.
Unloading 3532 Unused Serialized files (Serialized files now loaded: 0)
System memory in use before: 143.8 MB.
System memory in use after: 144.0 MB.

Unloading 13 unused Assets to reduce memory usage. Loaded Objects now: 4292.
Total: 2.464800 ms (FindLiveObjects: 0.331500 ms CreateObjectMapping: 0.106800 ms MarkObjects: 2.010700 ms  DeleteObjects: 0.015000 ms)

========================================================================
Received Prepare
Registering precompiled user dll's ...
Registered in 0.001987 seconds.
Begin MonoManager ReloadAssembly
Native extension for WindowsStandalone target not found
Native extension for WebGL target not found
Refreshing native plugins compatible for Editor in 0.77 ms, found 2 plugins.
Preloading 0 native plugins for Editor in 0.00 ms.
Mono: successfully reloaded assembly
- Completed reload, in  0.698 seconds
Platform modules already initialized, skipping
Refreshing native plugins compatible for Editor in 0.71 ms, found 2 plugins.
Preloading 0 native plugins for Editor in 0.00 ms.
Unloading 3532 Unused Serialized files (Serialized files now loaded: 0)
System memory in use before: 143.8 MB.
System memory in use after: 144.0 MB.

Unloading 13 unused Assets to reduce memory usage. Loaded Objects now: 4296.
Total: 2.582600 ms (FindLiveObjects: 0.331500 ms CreateObjectMapping: 0.166300 ms MarkObjects: 2.069500 ms  DeleteObjects: 0.014100 ms)

========================================================================
Received Prepare
Registering precompiled user dll's ...
Registered in 0.001851 seconds.
Begin MonoManager ReloadAssembly
Native extension for WindowsStandalone target not found
Native extension for WebGL target not found
Refreshing native plugins compatible for Editor in 1.09 ms, found 2 plugins.
Preloading 0 native plugins for Editor in 0.00 ms.
Mono: successfully reloaded assembly
- Completed reload, in  0.715 seconds
Platform modules already initialized, skipping
Refreshing native plugins compatible for Editor in 0.79 ms, found 2 plugins.
Preloading 0 native plugins for Editor in 0.00 ms.
Unloading 3532 Unused Serialized files (Serialized files now loaded: 0)
System memory in use before: 143.8 MB.
System memory in use after: 144.0 MB.

Unloading 13 unused Assets to reduce memory usage. Loaded Objects now: 4300.
Total: 2.758000 ms (FindLiveObjects: 0.405200 ms CreateObjectMapping: 0.193600 ms MarkObjects: 2.141100 ms  DeleteObjects: 0.017300 ms)

========================================================================
Received Prepare
Registering precompiled user dll's ...
Registered in 0.001815 seconds.
Begin MonoManager ReloadAssembly
Native extension for WindowsStandalone target not found
Native extension for WebGL target not found
Refreshing native plugins compatible for Editor in 0.91 ms, found 2 plugins.
Preloading 0 native plugins for Editor in 0.00 ms.
Mono: successfully reloaded assembly
- Completed reload, in  0.694 seconds
Platform modules already initialized, skipping
Refreshing native plugins compatible for Editor in 0.77 ms, found 2 plugins.
Preloading 0 native plugins for Editor in 0.00 ms.
Unloading 3532 Unused Serialized files (Serialized files now loaded: 0)
System memory in use before: 143.8 MB.
System memory in use after: 144.0 MB.

Unloading 13 unused Assets to reduce memory usage. Loaded Objects now: 4304.
Total: 2.696800 ms (FindLiveObjects: 0.410000 ms CreateObjectMapping: 0.130600 ms MarkObjects: 2.138300 ms  DeleteObjects: 0.016900 ms)

========================================================================
Received Prepare
Registering precompiled user dll's ...
Registered in 0.002064 seconds.
Begin MonoManager ReloadAssembly
Native extension for WindowsStandalone target not found
Native extension for WebGL target not found
Refreshing native plugins compatible for Editor in 0.76 ms, found 2 plugins.
Preloading 0 native plugins for Editor in 0.00 ms.
Mono: successfully reloaded assembly
- Completed reload, in  0.671 seconds
Platform modules already initialized, skipping
Refreshing native plugins compatible for Editor in 0.68 ms, found 2 plugins.
Preloading 0 native plugins for Editor in 0.00 ms.
Unloading 3532 Unused Serialized files (Serialized files now loaded: 0)
System memory in use before: 143.8 MB.
System memory in use after: 144.0 MB.

Unloading 13 unused Assets to reduce memory usage. Loaded Objects now: 4308.
Total: 2.334400 ms (FindLiveObjects: 0.349500 ms CreateObjectMapping: 0.104700 ms MarkObjects: 1.864400 ms  DeleteObjects: 0.014600 ms)

========================================================================
Received Prepare
Registering precompiled user dll's ...
Registered in 0.002030 seconds.
Begin MonoManager ReloadAssembly
Native extension for WindowsStandalone target not found
Native extension for WebGL target not found
Refreshing native plugins compatible for Editor in 0.76 ms, found 2 plugins.
Preloading 0 native plugins for Editor in 0.00 ms.
Mono: successfully reloaded assembly
- Completed reload, in  0.691 seconds
Platform modules already initialized, skipping
Refreshing native plugins compatible for Editor in 0.81 ms, found 2 plugins.
Preloading 0 native plugins for Editor in 0.00 ms.
Unloading 3532 Unused Serialized files (Serialized files now loaded: 0)
System memory in use before: 143.8 MB.
System memory in use after: 144.1 MB.

Unloading 13 unused Assets to reduce memory usage. Loaded Objects now: 4312.
Total: 3.428700 ms (FindLiveObjects: 0.583200 ms CreateObjectMapping: 0.275700 ms MarkObjects: 2.550700 ms  DeleteObjects: 0.017700 ms)

========================================================================
Received Prepare
Registering precompiled user dll's ...
Registered in 0.002028 seconds.
Begin MonoManager ReloadAssembly
Native extension for WindowsStandalone target not found
Native extension for WebGL target not found
Refreshing native plugins compatible for Editor in 0.77 ms, found 2 plugins.
Preloading 0 native plugins for Editor in 0.00 ms.
Mono: successfully reloaded assembly
- Completed reload, in  0.705 seconds
Platform modules already initialized, skipping
Refreshing native plugins compatible for Editor in 0.73 ms, found 2 plugins.
Preloading 0 native plugins for Editor in 0.00 ms.
Unloading 3532 Unused Serialized files (Serialized files now loaded: 0)
System memory in use before: 143.8 MB.
System memory in use after: 144.1 MB.

Unloading 13 unused Assets to reduce memory usage. Loaded Objects now: 4316.
Total: 2.756800 ms (FindLiveObjects: 0.418800 ms CreateObjectMapping: 0.203400 ms MarkObjects: 2.116500 ms  DeleteObjects: 0.017100 ms)

========================================================================
Received Prepare
Registering precompiled user dll's ...
Registered in 0.001959 seconds.
Begin MonoManager ReloadAssembly
Native extension for WindowsStandalone target not found
Native extension for WebGL target not found
Refreshing native plugins compatible for Editor in 0.77 ms, found 2 plugins.
Preloading 0 native plugins for Editor in 0.00 ms.
Mono: successfully reloaded assembly
- Completed reload, in  0.695 seconds
Platform modules already initialized, skipping
Refreshing native plugins compatible for Editor in 0.73 ms, found 2 plugins.
Preloading 0 native plugins for Editor in 0.00 ms.
Unloading 3532 Unused Serialized files (Serialized files now loaded: 0)
System memory in use before: 143.8 MB.
System memory in use after: 144.1 MB.

Unloading 13 unused Assets to reduce memory usage. Loaded Objects now: 4320.
Total: 2.443600 ms (FindLiveObjects: 0.449500 ms CreateObjectMapping: 0.103600 ms MarkObjects: 1.875000 ms  DeleteObjects: 0.014800 ms)

========================================================================
Received Prepare
Registering precompiled user dll's ...
Registered in 0.002384 seconds.
Begin MonoManager ReloadAssembly
Native extension for WindowsStandalone target not found
Native extension for WebGL target not found
Refreshing native plugins compatible for Editor in 0.79 ms, found 2 plugins.
Preloading 0 native plugins for Editor in 0.00 ms.
Mono: successfully reloaded assembly
- Completed reload, in  0.720 seconds
Platform modules already initialized, skipping
Refreshing native plugins compatible for Editor in 1.81 ms, found 2 plugins.
Preloading 0 native plugins for Editor in 0.00 ms.
Unloading 3532 Unused Serialized files (Serialized files now loaded: 0)
System memory in use before: 143.8 MB.
System memory in use after: 144.1 MB.

Unloading 13 unused Assets to reduce memory usage. Loaded Objects now: 4324.
Total: 3.118800 ms (FindLiveObjects: 0.660900 ms CreateObjectMapping: 0.146900 ms MarkObjects: 2.292600 ms  DeleteObjects: 0.017400 ms)

========================================================================
Received Prepare
Registering precompiled user dll's ...
Registered in 0.001975 seconds.
Begin MonoManager ReloadAssembly
Native extension for WindowsStandalone target not found
Native extension for WebGL target not found
Refreshing native plugins compatible for Editor in 0.77 ms, found 2 plugins.
Preloading 0 native plugins for Editor in 0.00 ms.
Mono: successfully reloaded assembly
- Completed reload, in  0.740 seconds
Platform modules already initialized, skipping
Refreshing native plugins compatible for Editor in 0.79 ms, found 2 plugins.
Preloading 0 native plugins for Editor in 0.00 ms.
Unloading 3532 Unused Serialized files (Serialized files now loaded: 0)
System memory in use before: 143.8 MB.
System memory in use after: 144.1 MB.

Unloading 13 unused Assets to reduce memory usage. Loaded Objects now: 4328.
Total: 2.766900 ms (FindLiveObjects: 0.385000 ms CreateObjectMapping: 0.149900 ms MarkObjects: 2.216000 ms  DeleteObjects: 0.015100 ms)

========================================================================
Received Prepare
Registering precompiled user dll's ...
Registered in 0.002779 seconds.
Begin MonoManager ReloadAssembly
Native extension for WindowsStandalone target not found
Native extension for WebGL target not found
Refreshing native plugins compatible for Editor in 1.11 ms, found 2 plugins.
Preloading 0 native plugins for Editor in 0.00 ms.
Mono: successfully reloaded assembly
- Completed reload, in  0.786 seconds
Platform modules already initialized, skipping
Refreshing native plugins compatible for Editor in 0.72 ms, found 2 plugins.
Preloading 0 native plugins for Editor in 0.00 ms.
Unloading 3532 Unused Serialized files (Serialized files now loaded: 0)
System memory in use before: 143.8 MB.
System memory in use after: 144.1 MB.

Unloading 13 unused Assets to reduce memory usage. Loaded Objects now: 4332.
Total: 2.526600 ms (FindLiveObjects: 0.368900 ms CreateObjectMapping: 0.102800 ms MarkObjects: 2.038900 ms  DeleteObjects: 0.015300 ms)

========================================================================
Received Import Request.
  Time since last request: 1241.285701 seconds.
  path: Assets/Scripts/Health
  artifactKey: Guid(090c0219ee95f154094becae8f781f64) Importer(815301076,1909f56bfc062723c751e8b465ee728b)
Start importing Assets/Scripts/Health using Guid(090c0219ee95f154094becae8f781f64) Importer(815301076,1909f56bfc062723c751e8b465ee728b)  -> (artifact id: 'db16e10ea1d82fcf42554033065935cf') in 0.006522 seconds 
========================================================================
Received Import Request.
  Time since last request: 2.682237 seconds.
  path: Assets/Scripts/Health/Health.cs
  artifactKey: Guid(ccdc315fb9d0ad441803a9df7f49b5ef) Importer(815301076,1909f56bfc062723c751e8b465ee728b)
Start importing Assets/Scripts/Health/Health.cs using Guid(ccdc315fb9d0ad441803a9df7f49b5ef) Importer(815301076,1909f56bfc062723c751e8b465ee728b)  -> (artifact id: '89465f7af3a049ffabeb6f2c84af5cd2') in 0.028817 seconds 
========================================================================
Received Import Request.
  Time since last request: 19.741232 seconds.
  path: Assets/Scripts/Health/PlayerHealth.cs
  artifactKey: Guid(ccdc315fb9d0ad441803a9df7f49b5ef) Importer(815301076,1909f56bfc062723c751e8b465ee728b)
Start importing Assets/Scripts/Health/PlayerHealth.cs using Guid(ccdc315fb9d0ad441803a9df7f49b5ef) Importer(815301076,1909f56bfc062723c751e8b465ee728b)  -> (artifact id: '189f98a184832b7ced68100f087eb615') in 0.005349 seconds 
========================================================================
Received Import Request.
  Time since last request: 1.538940 seconds.
  path: Assets/Scripts/Health/PlayerHealth1.cs
  artifactKey: Guid(f3b4c4559a4ea0f4482da6842b7a96bd) Importer(815301076,1909f56bfc062723c751e8b465ee728b)
Start importing Assets/Scripts/Health/PlayerHealth1.cs using Guid(f3b4c4559a4ea0f4482da6842b7a96bd) Importer(815301076,1909f56bfc062723c751e8b465ee728b)  -> (artifact id: 'e1d48d45f5a4dacd3e22a71763b958a2') in 0.004108 seconds 
========================================================================
Received Import Request.
  Time since last request: 5.389819 seconds.
  path: Assets/Scripts/Health/EnemyHealth.cs
  artifactKey: Guid(f3b4c4559a4ea0f4482da6842b7a96bd) Importer(815301076,1909f56bfc062723c751e8b465ee728b)
Start importing Assets/Scripts/Health/EnemyHealth.cs using Guid(f3b4c4559a4ea0f4482da6842b7a96bd) Importer(815301076,1909f56bfc062723c751e8b465ee728b)  -> (artifact id: 'f069c8c246b6a41c28019edd715a94f2') in 0.006066 seconds 
========================================================================
Received Prepare
Registering precompiled user dll's ...
Registered in 0.002091 seconds.
Begin MonoManager ReloadAssembly
Native extension for WindowsStandalone target not found
Native extension for WebGL target not found
Refreshing native plugins compatible for Editor in 0.77 ms, found 2 plugins.
Preloading 0 native plugins for Editor in 0.00 ms.
Mono: successfully reloaded assembly
- Completed reload, in  0.696 seconds
Platform modules already initialized, skipping
Refreshing native plugins compatible for Editor in 1.01 ms, found 2 plugins.
Preloading 0 native plugins for Editor in 0.00 ms.
Unloading 3533 Unused Serialized files (Serialized files now loaded: 0)
System memory in use before: 143.9 MB.
System memory in use after: 144.1 MB.

Unloading 13 unused Assets to reduce memory usage. Loaded Objects now: 4337.
Total: 3.117800 ms (FindLiveObjects: 0.529900 ms CreateObjectMapping: 0.258500 ms MarkObjects: 2.310400 ms  DeleteObjects: 0.017800 ms)

========================================================================
Received Import Request.
  Time since last request: 11.113091 seconds.
  path: Assets/Scripts/Health/PlayerHealth.cs
  artifactKey: Guid(ccdc315fb9d0ad441803a9df7f49b5ef) Importer(815301076,1909f56bfc062723c751e8b465ee728b)
Start importing Assets/Scripts/Health/PlayerHealth.cs using Guid(ccdc315fb9d0ad441803a9df7f49b5ef) Importer(815301076,1909f56bfc062723c751e8b465ee728b)  -> (artifact id: 'd38d95d66e0fe88c1feb3a32757f5761') in 0.005596 seconds 
========================================================================
Received Import Request.
  Time since last request: 6.189322 seconds.
  path: Assets/Scripts/Health/EnemyHealth.cs
  artifactKey: Guid(f3b4c4559a4ea0f4482da6842b7a96bd) Importer(815301076,1909f56bfc062723c751e8b465ee728b)
Start importing Assets/Scripts/Health/EnemyHealth.cs using Guid(f3b4c4559a4ea0f4482da6842b7a96bd) Importer(815301076,1909f56bfc062723c751e8b465ee728b)  -> (artifact id: 'b06d47240ebdb37f1372090aa286cf79') in 0.001737 seconds 
========================================================================
Received Import Request.
  Time since last request: 127.078344 seconds.
  path: Assets/Scripts/Health/PlayerHealth1.cs
  artifactKey: Guid(f3b4c4559a4ea0f4482da6842b7a96bd) Importer(815301076,1909f56bfc062723c751e8b465ee728b)
Start importing Assets/Scripts/Health/PlayerHealth1.cs using Guid(f3b4c4559a4ea0f4482da6842b7a96bd) Importer(815301076,1909f56bfc062723c751e8b465ee728b)  -> (artifact id: '5f49f93874ffa180ac3b3eaf312d21b3') in 0.001180 seconds 
========================================================================
Received Import Request.
  Time since last request: 1.239746 seconds.
  path: Assets/Scripts/Health/Health.cs
  artifactKey: Guid(ccdc315fb9d0ad441803a9df7f49b5ef) Importer(815301076,1909f56bfc062723c751e8b465ee728b)
Start importing Assets/Scripts/Health/Health.cs using Guid(ccdc315fb9d0ad441803a9df7f49b5ef) Importer(815301076,1909f56bfc062723c751e8b465ee728b)  -> (artifact id: '6350c96b5c7efa19236fa65e45c6d38a') in 0.001975 seconds 
========================================================================
Received Import Request.
  Time since last request: 9.085192 seconds.
  path: Assets/Scripts/Health/EnemyHealth.cs
  artifactKey: Guid(defce7783dcf97840ac214205d0087ff) Importer(815301076,1909f56bfc062723c751e8b465ee728b)
Start importing Assets/Scripts/Health/EnemyHealth.cs using Guid(defce7783dcf97840ac214205d0087ff) Importer(815301076,1909f56bfc062723c751e8b465ee728b)  -> (artifact id: 'e757638708d79a56bf68a9f3b16bc4e0') in 0.001453 seconds 
========================================================================
Received Prepare
Registering precompiled user dll's ...
Registered in 0.002040 seconds.
Begin MonoManager ReloadAssembly
Native extension for WindowsStandalone target not found
Native extension for WebGL target not found
Refreshing native plugins compatible for Editor in 0.77 ms, found 2 plugins.
Preloading 0 native plugins for Editor in 0.00 ms.
Mono: successfully reloaded assembly
- Completed reload, in  0.717 seconds
Platform modules already initialized, skipping
Refreshing native plugins compatible for Editor in 0.75 ms, found 2 plugins.
Preloading 0 native plugins for Editor in 0.00 ms.
Unloading 3532 Unused Serialized files (Serialized files now loaded: 0)
System memory in use before: 143.9 MB.
System memory in use after: 144.1 MB.

Unloading 14 unused Assets to reduce memory usage. Loaded Objects now: 4340.
Total: 2.927600 ms (FindLiveObjects: 0.549800 ms CreateObjectMapping: 0.207200 ms MarkObjects: 2.153500 ms  DeleteObjects: 0.016000 ms)

AssetImportWorkerClient::OnTransportError - code=2 error=End of file
